2024-06-03 14:25:04 INFO  RegexService:105 - extraction de la date
2024-06-03 14:25:04 INFO  RegexService:105 - extraction de la date
2024-06-03 14:29:16 INFO  FilesService:61 - Suppression du fichier : C:\Users\TOM~1.LEF\AppData\Local\Temp\testDir11242890651444661294\nonExistent.txt
2024-06-03 14:29:17 INFO  FilesService:61 - Suppression du fichier : C:\Users\TOM~1.LEF\AppData\Local\Temp\testDir16052992098592797297\source.txt
2024-06-03 14:29:19 INFO  RegexService:105 - extraction de la date
2024-06-03 14:29:19 INFO  RegexService:105 - extraction de la date
2024-06-03 14:31:53 INFO  FilesService:79 - Fusion des fichiers test.txt et C:\Users\TOM~1.LEF\AppData\Local\Temp\file29329898283116092522.txt dans C:\Users\TOM~1.LEF\AppData\Local\Temp\combined16222890783456982327.txt
2024-06-03 14:31:53 ERROR FilesService:92 - Erreur lors de l'assemblage des fichiers : test.txt
2024-06-03 14:31:53 INFO  FilesService:61 - Suppression du fichier : C:\Users\TOM~1.LEF\AppData\Local\Temp\testDir13292531931862996525\nonExistent.txt
2024-06-03 14:31:53 INFO  FilesService:73 - Écriture dans le fichier : C:\Users\TOM~1.LEF\AppData\Local\Temp\testDir17238744233132873628\source.txt
2024-06-03 14:31:53 INFO  FilesService:79 - Fusion des fichiers C:\Users\TOM~1.LEF\AppData\Local\Temp\file12270827042404420459.txt et C:\Users\TOM~1.LEF\AppData\Local\Temp\file23057928287217804949.txt dans C:\Users\TOM~1.LEF\AppData\Local\Temp\combined16787251591926098667.txt
2024-06-03 14:31:53 INFO  FilesService:90 - Fusion réussie des fichiers dans : C:\Users\TOM~1.LEF\AppData\Local\Temp\combined16787251591926098667.txt
2024-06-03 14:31:53 INFO  FilesService:67 - Copie du fichier de C:\Users\TOM~1.LEF\AppData\Local\Temp\testDir10378176511487619737\source.txt vers C:\Users\TOM~1.LEF\AppData\Local\Temp\testDir10378176511487619737\destination.txt
2024-06-03 14:31:53 INFO  FilesService:67 - Copie du fichier de C:\Users\TOM~1.LEF\AppData\Local\Temp\testDir5901016243632065552\nonExistent.txt vers C:\Users\TOM~1.LEF\AppData\Local\Temp\testDir5901016243632065552\destination.txt
2024-06-03 14:31:53 INFO  FilesService:61 - Suppression du fichier : C:\Users\TOM~1.LEF\AppData\Local\Temp\testDir2327294171838107094\source.txt
2024-06-03 14:31:53 INFO  FilesService:73 - Écriture dans le fichier : C:\Users\TOM~1.LEF\AppData\Local\Temp\testDir4844252197203205723\nonExistent.txt
2024-06-03 14:31:55 INFO  RegexService:105 - extraction de la date
2024-06-03 14:31:55 INFO  RegexService:105 - extraction de la date
2024-06-03 14:43:58 INFO  FilesService:79 - Fusion des fichiers test.txt et C:\Users\TOM~1.LEF\AppData\Local\Temp\file215308870211741883692.txt dans C:\Users\TOM~1.LEF\AppData\Local\Temp\combined2722603966590361426.txt
2024-06-03 14:43:58 ERROR FilesService:92 - Erreur lors de l'assemblage des fichiers : test.txt
2024-06-03 14:43:58 INFO  FilesService:61 - Suppression du fichier : C:\Users\TOM~1.LEF\AppData\Local\Temp\testDir3118812142592793482\nonExistent.txt
2024-06-03 14:43:58 INFO  FilesService:73 - Écriture dans le fichier : C:\Users\TOM~1.LEF\AppData\Local\Temp\testDir10496764471547918848\source.txt
2024-06-03 14:43:59 INFO  FilesService:79 - Fusion des fichiers C:\Users\TOM~1.LEF\AppData\Local\Temp\file19371487316631787395.txt et C:\Users\TOM~1.LEF\AppData\Local\Temp\file213833130344647783484.txt dans C:\Users\TOM~1.LEF\AppData\Local\Temp\combined11872029801268544502.txt
2024-06-03 14:43:59 INFO  FilesService:90 - Fusion réussie des fichiers dans : C:\Users\TOM~1.LEF\AppData\Local\Temp\combined11872029801268544502.txt
2024-06-03 14:43:59 INFO  FilesService:67 - Copie du fichier de C:\Users\TOM~1.LEF\AppData\Local\Temp\testDir3201424382162863301\source.txt vers C:\Users\TOM~1.LEF\AppData\Local\Temp\testDir3201424382162863301\destination.txt
2024-06-03 14:43:59 INFO  FilesService:67 - Copie du fichier de C:\Users\TOM~1.LEF\AppData\Local\Temp\testDir8196690221245385270\nonExistent.txt vers C:\Users\TOM~1.LEF\AppData\Local\Temp\testDir8196690221245385270\destination.txt
2024-06-03 14:43:59 INFO  FilesService:61 - Suppression du fichier : C:\Users\TOM~1.LEF\AppData\Local\Temp\testDir9414709879089934101\source.txt
2024-06-03 14:43:59 INFO  FilesService:73 - Écriture dans le fichier : C:\Users\TOM~1.LEF\AppData\Local\Temp\testDir17976547310876219500\nonExistent.txt
2024-06-03 14:44:01 INFO  PdfService:37 - Extraction du texte depuis le fichier PDF : test17456848045128789899.pdf
2024-06-03 14:44:01 INFO  PdfService:45 - Texte extrait avec succès du fichier PDF : test17456848045128789899.pdf
2024-06-03 14:44:01 INFO  PdfService:56 - Tri du texte extrait
2024-06-03 14:44:01 INFO  PdfService:69 - Texte trié avec succès
2024-06-03 14:44:01 INFO  PdfService:37 - Extraction du texte depuis le fichier PDF : nonexistent.pdf
2024-06-03 14:44:01 ERROR PdfService:49 - Erreur lors de l'extraction du texte depuis le fichier PDF : src\test\resources\nonexistent.pdf (Le fichier spécifié est introuvable)
2024-06-03 14:44:01 INFO  PdfService:79 - Traitement des fichiers PDF dans le dossier
2024-06-03 14:44:01 INFO  PdfService:95 - Traitement des fichiers PDF terminé
2024-06-03 14:44:01 INFO  PdfService:79 - Traitement des fichiers PDF dans le dossier
2024-06-03 14:44:01 ERROR PdfService:90 - Erreur lors du traitement du fichier PDF : test6680555726855678521.pdf
com.readpdfaffichette.version1.exceptions.CustomAppException: Erreur lors de l'extraction du texte sur le pdf
	at com.readpdfaffichette.version1.service.PdfService.lambda$processPdfs$2(PdfService.java:85) ~[classes/:?]
	at java.util.stream.ForEachOps$ForEachOp$OfRef.accept(ForEachOps.java:183) ~[?:?]
	at java.util.stream.ReferencePipeline$2$1.accept(ReferencePipeline.java:179) ~[?:?]
	at java.util.stream.ReferencePipeline$2$1.accept(ReferencePipeline.java:179) ~[?:?]
	at java.util.stream.Streams$StreamBuilderImpl.forEachRemaining(Streams.java:411) ~[?:?]
	at java.util.stream.AbstractPipeline.copyInto(AbstractPipeline.java:509) ~[?:?]
	at java.util.stream.AbstractPipeline.wrapAndCopyInto(AbstractPipeline.java:499) ~[?:?]
	at java.util.stream.ForEachOps$ForEachOp.evaluateSequential(ForEachOps.java:150) ~[?:?]
	at java.util.stream.ForEachOps$ForEachOp$OfRef.evaluateSequential(ForEachOps.java:173) ~[?:?]
	at java.util.stream.AbstractPipeline.evaluate(AbstractPipeline.java:234) ~[?:?]
	at java.util.stream.ReferencePipeline.forEach(ReferencePipeline.java:596) ~[?:?]
	at com.readpdfaffichette.version1.service.PdfService.processPdfs(PdfService.java:83) ~[classes/:?]
	at com.readpdfaffichette.version1.service.PdfServiceTest.testProcessPdfsWithException(PdfServiceTest.java:179) ~[test-classes/:?]
	at org.junit.platform.commons.util.ReflectionUtils.invokeMethod(ReflectionUtils.java:728) ~[junit-platform-commons-1.10.2.jar:1.10.2]
	at org.junit.jupiter.engine.execution.MethodInvocation.proceed(MethodInvocation.java:60) ~[junit-jupiter-engine-5.10.2.jar:5.10.2]
	at org.junit.jupiter.engine.execution.InvocationInterceptorChain$ValidatingInvocation.proceed(InvocationInterceptorChain.java:131) ~[junit-jupiter-engine-5.10.2.jar:5.10.2]
	at org.junit.jupiter.engine.extension.TimeoutExtension.intercept(TimeoutExtension.java:156) ~[junit-jupiter-engine-5.10.2.jar:5.10.2]
	at org.junit.jupiter.engine.extension.TimeoutExtension.interceptTestableMethod(TimeoutExtension.java:147) ~[junit-jupiter-engine-5.10.2.jar:5.10.2]
	at org.junit.jupiter.engine.extension.TimeoutExtension.interceptTestMethod(TimeoutExtension.java:86) ~[junit-jupiter-engine-5.10.2.jar:5.10.2]
	at org.junit.jupiter.engine.execution.InterceptingExecutableInvoker$ReflectiveInterceptorCall.lambda$ofVoidMethod$0(InterceptingExecutableInvoker.java:103) ~[junit-jupiter-engine-5.10.2.jar:5.10.2]
	at org.junit.jupiter.engine.execution.InterceptingExecutableInvoker.lambda$invoke$0(InterceptingExecutableInvoker.java:93) ~[junit-jupiter-engine-5.10.2.jar:5.10.2]
	at org.junit.jupiter.engine.execution.InvocationInterceptorChain$InterceptedInvocation.proceed(InvocationInterceptorChain.java:106) ~[junit-jupiter-engine-5.10.2.jar:5.10.2]
	at org.junit.jupiter.engine.execution.InvocationInterceptorChain.proceed(InvocationInterceptorChain.java:64) ~[junit-jupiter-engine-5.10.2.jar:5.10.2]
	at org.junit.jupiter.engine.execution.InvocationInterceptorChain.chainAndInvoke(InvocationInterceptorChain.java:45) ~[junit-jupiter-engine-5.10.2.jar:5.10.2]
	at org.junit.jupiter.engine.execution.InvocationInterceptorChain.invoke(InvocationInterceptorChain.java:37) ~[junit-jupiter-engine-5.10.2.jar:5.10.2]
	at org.junit.jupiter.engine.execution.InterceptingExecutableInvoker.invoke(InterceptingExecutableInvoker.java:92) ~[junit-jupiter-engine-5.10.2.jar:5.10.2]
	at org.junit.jupiter.engine.execution.InterceptingExecutableInvoker.invoke(InterceptingExecutableInvoker.java:86) ~[junit-jupiter-engine-5.10.2.jar:5.10.2]
	at org.junit.jupiter.engine.descriptor.TestMethodTestDescriptor.lambda$invokeTestMethod$7(TestMethodTestDescriptor.java:218) ~[junit-jupiter-engine-5.10.2.jar:5.10.2]
	at org.junit.platform.engine.support.hierarchical.ThrowableCollector.execute(ThrowableCollector.java:73) ~[junit-platform-engine-1.10.2.jar:1.10.2]
	at org.junit.jupiter.engine.descriptor.TestMethodTestDescriptor.invokeTestMethod(TestMethodTestDescriptor.java:214) ~[junit-jupiter-engine-5.10.2.jar:5.10.2]
	at org.junit.jupiter.engine.descriptor.TestMethodTestDescriptor.execute(TestMethodTestDescriptor.java:139) ~[junit-jupiter-engine-5.10.2.jar:5.10.2]
	at org.junit.jupiter.engine.descriptor.TestMethodTestDescriptor.execute(TestMethodTestDescriptor.java:69) ~[junit-jupiter-engine-5.10.2.jar:5.10.2]
	at org.junit.platform.engine.support.hierarchical.NodeTestTask.lambda$executeRecursively$6(NodeTestTask.java:151) ~[junit-platform-engine-1.10.2.jar:1.10.2]
	at org.junit.platform.engine.support.hierarchical.ThrowableCollector.execute(ThrowableCollector.java:73) ~[junit-platform-engine-1.10.2.jar:1.10.2]
	at org.junit.platform.engine.support.hierarchical.NodeTestTask.lambda$executeRecursively$8(NodeTestTask.java:141) ~[junit-platform-engine-1.10.2.jar:1.10.2]
	at org.junit.platform.engine.support.hierarchical.Node.around(Node.java:137) ~[junit-platform-engine-1.10.2.jar:1.10.2]
	at org.junit.platform.engine.support.hierarchical.NodeTestTask.lambda$executeRecursively$9(NodeTestTask.java:139) ~[junit-platform-engine-1.10.2.jar:1.10.2]
	at org.junit.platform.engine.support.hierarchical.ThrowableCollector.execute(ThrowableCollector.java:73) ~[junit-platform-engine-1.10.2.jar:1.10.2]
	at org.junit.platform.engine.support.hierarchical.NodeTestTask.executeRecursively(NodeTestTask.java:138) ~[junit-platform-engine-1.10.2.jar:1.10.2]
	at org.junit.platform.engine.support.hierarchical.NodeTestTask.execute(NodeTestTask.java:95) ~[junit-platform-engine-1.10.2.jar:1.10.2]
	at java.util.ArrayList.forEach(ArrayList.java:1511) ~[?:?]
	at org.junit.platform.engine.support.hierarchical.SameThreadHierarchicalTestExecutorService.invokeAll(SameThreadHierarchicalTestExecutorService.java:41) ~[junit-platform-engine-1.10.2.jar:1.10.2]
	at org.junit.platform.engine.support.hierarchical.NodeTestTask.lambda$executeRecursively$6(NodeTestTask.java:155) ~[junit-platform-engine-1.10.2.jar:1.10.2]
	at org.junit.platform.engine.support.hierarchical.ThrowableCollector.execute(ThrowableCollector.java:73) ~[junit-platform-engine-1.10.2.jar:1.10.2]
	at org.junit.platform.engine.support.hierarchical.NodeTestTask.lambda$executeRecursively$8(NodeTestTask.java:141) ~[junit-platform-engine-1.10.2.jar:1.10.2]
	at org.junit.platform.engine.support.hierarchical.Node.around(Node.java:137) ~[junit-platform-engine-1.10.2.jar:1.10.2]
	at org.junit.platform.engine.support.hierarchical.NodeTestTask.lambda$executeRecursively$9(NodeTestTask.java:139) ~[junit-platform-engine-1.10.2.jar:1.10.2]
	at org.junit.platform.engine.support.hierarchical.ThrowableCollector.execute(ThrowableCollector.java:73) ~[junit-platform-engine-1.10.2.jar:1.10.2]
	at org.junit.platform.engine.support.hierarchical.NodeTestTask.executeRecursively(NodeTestTask.java:138) ~[junit-platform-engine-1.10.2.jar:1.10.2]
	at org.junit.platform.engine.support.hierarchical.NodeTestTask.execute(NodeTestTask.java:95) ~[junit-platform-engine-1.10.2.jar:1.10.2]
	at java.util.ArrayList.forEach(ArrayList.java:1511) ~[?:?]
	at org.junit.platform.engine.support.hierarchical.SameThreadHierarchicalTestExecutorService.invokeAll(SameThreadHierarchicalTestExecutorService.java:41) ~[junit-platform-engine-1.10.2.jar:1.10.2]
	at org.junit.platform.engine.support.hierarchical.NodeTestTask.lambda$executeRecursively$6(NodeTestTask.java:155) ~[junit-platform-engine-1.10.2.jar:1.10.2]
	at org.junit.platform.engine.support.hierarchical.ThrowableCollector.execute(ThrowableCollector.java:73) ~[junit-platform-engine-1.10.2.jar:1.10.2]
	at org.junit.platform.engine.support.hierarchical.NodeTestTask.lambda$executeRecursively$8(NodeTestTask.java:141) ~[junit-platform-engine-1.10.2.jar:1.10.2]
	at org.junit.platform.engine.support.hierarchical.Node.around(Node.java:137) ~[junit-platform-engine-1.10.2.jar:1.10.2]
	at org.junit.platform.engine.support.hierarchical.NodeTestTask.lambda$executeRecursively$9(NodeTestTask.java:139) ~[junit-platform-engine-1.10.2.jar:1.10.2]
	at org.junit.platform.engine.support.hierarchical.ThrowableCollector.execute(ThrowableCollector.java:73) ~[junit-platform-engine-1.10.2.jar:1.10.2]
	at org.junit.platform.engine.support.hierarchical.NodeTestTask.executeRecursively(NodeTestTask.java:138) ~[junit-platform-engine-1.10.2.jar:1.10.2]
	at org.junit.platform.engine.support.hierarchical.NodeTestTask.execute(NodeTestTask.java:95) ~[junit-platform-engine-1.10.2.jar:1.10.2]
	at org.junit.platform.engine.support.hierarchical.SameThreadHierarchicalTestExecutorService.submit(SameThreadHierarchicalTestExecutorService.java:35) ~[junit-platform-engine-1.10.2.jar:1.10.2]
	at org.junit.platform.engine.support.hierarchical.HierarchicalTestExecutor.execute(HierarchicalTestExecutor.java:57) ~[junit-platform-engine-1.10.2.jar:1.10.2]
	at org.junit.platform.engine.support.hierarchical.HierarchicalTestEngine.execute(HierarchicalTestEngine.java:54) ~[junit-platform-engine-1.10.2.jar:1.10.2]
	at org.junit.platform.launcher.core.EngineExecutionOrchestrator.execute(EngineExecutionOrchestrator.java:198) ~[junit-platform-launcher-1.10.2.jar:1.10.2]
	at org.junit.platform.launcher.core.EngineExecutionOrchestrator.execute(EngineExecutionOrchestrator.java:169) ~[junit-platform-launcher-1.10.2.jar:1.10.2]
	at org.junit.platform.launcher.core.EngineExecutionOrchestrator.execute(EngineExecutionOrchestrator.java:93) ~[junit-platform-launcher-1.10.2.jar:1.10.2]
	at org.junit.platform.launcher.core.EngineExecutionOrchestrator.lambda$execute$0(EngineExecutionOrchestrator.java:58) ~[junit-platform-launcher-1.10.2.jar:1.10.2]
	at org.junit.platform.launcher.core.EngineExecutionOrchestrator.withInterceptedStreams(EngineExecutionOrchestrator.java:141) [junit-platform-launcher-1.10.2.jar:1.10.2]
	at org.junit.platform.launcher.core.EngineExecutionOrchestrator.execute(EngineExecutionOrchestrator.java:57) [junit-platform-launcher-1.10.2.jar:1.10.2]
	at org.junit.platform.launcher.core.DefaultLauncher.execute(DefaultLauncher.java:103) [junit-platform-launcher-1.10.2.jar:1.10.2]
	at org.junit.platform.launcher.core.DefaultLauncher.execute(DefaultLauncher.java:85) [junit-platform-launcher-1.10.2.jar:1.10.2]
	at org.junit.platform.launcher.core.DelegatingLauncher.execute(DelegatingLauncher.java:47) [junit-platform-launcher-1.10.2.jar:1.10.2]
	at org.junit.platform.launcher.core.SessionPerRequestLauncher.execute(SessionPerRequestLauncher.java:63) [junit-platform-launcher-1.10.2.jar:1.10.2]
	at org.apache.maven.surefire.junitplatform.JUnitPlatformProvider.execute(JUnitPlatformProvider.java:188) [surefire-junit-platform-3.0.0-M5.jar:3.0.0-M5]
	at org.apache.maven.surefire.junitplatform.JUnitPlatformProvider.invokeAllTests(JUnitPlatformProvider.java:154) [surefire-junit-platform-3.0.0-M5.jar:3.0.0-M5]
	at org.apache.maven.surefire.junitplatform.JUnitPlatformProvider.invoke(JUnitPlatformProvider.java:128) [surefire-junit-platform-3.0.0-M5.jar:3.0.0-M5]
	at org.apache.maven.surefire.booter.ForkedBooter.runSuitesInProcess(ForkedBooter.java:428) [surefire-booter-3.0.0-M5.jar:3.0.0-M5]
	at org.apache.maven.surefire.booter.ForkedBooter.execute(ForkedBooter.java:162) [surefire-booter-3.0.0-M5.jar:3.0.0-M5]
	at org.apache.maven.surefire.booter.ForkedBooter.run(ForkedBooter.java:562) [surefire-booter-3.0.0-M5.jar:3.0.0-M5]
	at org.apache.maven.surefire.booter.ForkedBooter.main(ForkedBooter.java:548) [surefire-booter-3.0.0-M5.jar:3.0.0-M5]
2024-06-03 14:44:01 INFO  PdfService:95 - Traitement des fichiers PDF terminé
2024-06-03 14:44:01 INFO  PdfService:56 - Tri du texte extrait
2024-06-03 14:44:01 ERROR PdfService:72 - Erreur lors du tri du texte extrait : Error extracting titles
2024-06-03 14:44:01 INFO  PdfService:79 - Traitement des fichiers PDF dans le dossier
2024-06-03 14:44:01 INFO  PdfService:88 - Fichier PDF traité : test10241135748706384142.pdf
2024-06-03 14:44:01 INFO  PdfService:88 - Fichier PDF traité : test8217976092090597519.pdf
2024-06-03 14:44:01 INFO  PdfService:95 - Traitement des fichiers PDF terminé
2024-06-03 14:44:01 INFO  RegexService:90 - Extraction de la ville et du code postal
2024-06-03 14:44:01 INFO  RegexService:97 - Ville et code postal extraits avec succès
2024-06-03 14:44:01 INFO  RegexService:111 - Extraction de la date
2024-06-03 14:44:01 INFO  RegexService:118 - Date extraite avec succès
2024-06-03 14:44:01 INFO  RegexService:90 - Extraction de la ville et du code postal
2024-06-03 14:44:01 WARN  RegexService:100 - Aucune ville trouvée dans le texte
2024-06-03 14:44:01 ERROR RegexService:104 - Erreur lors de l'extraction de la ville par le regex : Aucune ville trouvée dans le texte.
2024-06-03 14:44:01 INFO  RegexService:111 - Extraction de la date
2024-06-03 14:44:01 WARN  RegexService:121 - Aucune date trouvée dans le texte
2024-06-03 14:44:01 ERROR RegexService:125 - Erreur lors de l'extraction de la date par le regex : Aucune date trouvée dans le texte.
2024-06-03 14:44:01 INFO  RegexService:43 - Extraction des titres du texte
2024-06-03 14:44:01 INFO  RegexService:76 - Titre unique extrait avec succès
2024-06-03 14:44:01 INFO  RegexService:43 - Extraction des titres du texte
2024-06-03 14:44:01 INFO  RegexService:69 - Titres extraits avec succès
2024-06-03 14:44:01 INFO  RegexService:43 - Extraction des titres du texte
2024-06-03 14:44:01 WARN  RegexService:79 - Aucun titre trouvé dans le texte
2024-06-03 14:44:01 ERROR RegexService:83 - Erreur lors de l'extraction des titres par le regex : Aucun titre trouvé dans le texte.
2024-06-03 14:49:15 INFO  FilesService:79 - Fusion des fichiers test.txt et C:\Users\TOM~1.LEF\AppData\Local\Temp\file214503317328903854582.txt dans C:\Users\TOM~1.LEF\AppData\Local\Temp\combined13879235664797706080.txt
2024-06-03 14:49:15 ERROR FilesService:92 - Erreur lors de l'assemblage des fichiers : test.txt
2024-06-03 14:49:15 INFO  FilesService:61 - Suppression du fichier : C:\Users\TOM~1.LEF\AppData\Local\Temp\testDir6648626919798385465\nonExistent.txt
2024-06-03 14:49:15 INFO  FilesService:73 - Écriture dans le fichier : C:\Users\TOM~1.LEF\AppData\Local\Temp\testDir11548135963741246995\source.txt
2024-06-03 14:49:15 INFO  FilesService:79 - Fusion des fichiers C:\Users\TOM~1.LEF\AppData\Local\Temp\file111833296508984951036.txt et C:\Users\TOM~1.LEF\AppData\Local\Temp\file210664218953679402869.txt dans C:\Users\TOM~1.LEF\AppData\Local\Temp\combined16179457797139769301.txt
2024-06-03 14:49:15 INFO  FilesService:90 - Fusion réussie des fichiers dans : C:\Users\TOM~1.LEF\AppData\Local\Temp\combined16179457797139769301.txt
2024-06-03 14:49:15 INFO  FilesService:67 - Copie du fichier de C:\Users\TOM~1.LEF\AppData\Local\Temp\testDir2604363267545463522\source.txt vers C:\Users\TOM~1.LEF\AppData\Local\Temp\testDir2604363267545463522\destination.txt
2024-06-03 14:49:15 INFO  FilesService:67 - Copie du fichier de C:\Users\TOM~1.LEF\AppData\Local\Temp\testDir3811987806535857108\nonExistent.txt vers C:\Users\TOM~1.LEF\AppData\Local\Temp\testDir3811987806535857108\destination.txt
2024-06-03 14:49:15 INFO  FilesService:61 - Suppression du fichier : C:\Users\TOM~1.LEF\AppData\Local\Temp\testDir17773142018945702775\source.txt
2024-06-03 14:49:15 INFO  FilesService:73 - Écriture dans le fichier : C:\Users\TOM~1.LEF\AppData\Local\Temp\testDir158459517317872424\nonExistent.txt
2024-06-03 14:49:17 INFO  PdfService:37 - Extraction du texte depuis le fichier PDF : test13491369100164213498.pdf
2024-06-03 14:49:17 INFO  PdfService:45 - Texte extrait avec succès du fichier PDF : test13491369100164213498.pdf
2024-06-03 14:49:17 INFO  PdfService:56 - Tri du texte extrait
2024-06-03 14:49:17 INFO  PdfService:69 - Texte trié avec succès
2024-06-03 14:49:17 INFO  PdfService:37 - Extraction du texte depuis le fichier PDF : nonexistent.pdf
2024-06-03 14:49:17 ERROR PdfService:49 - Erreur lors de l'extraction du texte depuis le fichier PDF : src\test\resources\nonexistent.pdf (Le fichier spécifié est introuvable)
2024-06-03 14:49:17 INFO  PdfService:79 - Traitement des fichiers PDF dans le dossier
2024-06-03 14:49:17 INFO  PdfService:95 - Traitement des fichiers PDF terminé
2024-06-03 14:49:17 INFO  PdfService:79 - Traitement des fichiers PDF dans le dossier
2024-06-03 14:49:17 ERROR PdfService:90 - Erreur lors du traitement du fichier PDF : test9339900635013708541.pdf
com.readpdfaffichette.version1.exceptions.CustomAppException: Erreur lors de l'extraction du texte sur le pdf
	at com.readpdfaffichette.version1.service.PdfService.lambda$processPdfs$2(PdfService.java:85) ~[classes/:?]
	at java.util.stream.ForEachOps$ForEachOp$OfRef.accept(ForEachOps.java:183) ~[?:?]
	at java.util.stream.ReferencePipeline$2$1.accept(ReferencePipeline.java:179) ~[?:?]
	at java.util.stream.ReferencePipeline$2$1.accept(ReferencePipeline.java:179) ~[?:?]
	at java.util.stream.Streams$StreamBuilderImpl.forEachRemaining(Streams.java:411) ~[?:?]
	at java.util.stream.AbstractPipeline.copyInto(AbstractPipeline.java:509) ~[?:?]
	at java.util.stream.AbstractPipeline.wrapAndCopyInto(AbstractPipeline.java:499) ~[?:?]
	at java.util.stream.ForEachOps$ForEachOp.evaluateSequential(ForEachOps.java:150) ~[?:?]
	at java.util.stream.ForEachOps$ForEachOp$OfRef.evaluateSequential(ForEachOps.java:173) ~[?:?]
	at java.util.stream.AbstractPipeline.evaluate(AbstractPipeline.java:234) ~[?:?]
	at java.util.stream.ReferencePipeline.forEach(ReferencePipeline.java:596) ~[?:?]
	at com.readpdfaffichette.version1.service.PdfService.processPdfs(PdfService.java:83) ~[classes/:?]
	at com.readpdfaffichette.version1.service.PdfServiceTest.testProcessPdfsWithException(PdfServiceTest.java:179) ~[test-classes/:?]
	at org.junit.platform.commons.util.ReflectionUtils.invokeMethod(ReflectionUtils.java:728) ~[junit-platform-commons-1.10.2.jar:1.10.2]
	at org.junit.jupiter.engine.execution.MethodInvocation.proceed(MethodInvocation.java:60) ~[junit-jupiter-engine-5.10.2.jar:5.10.2]
	at org.junit.jupiter.engine.execution.InvocationInterceptorChain$ValidatingInvocation.proceed(InvocationInterceptorChain.java:131) ~[junit-jupiter-engine-5.10.2.jar:5.10.2]
	at org.junit.jupiter.engine.extension.TimeoutExtension.intercept(TimeoutExtension.java:156) ~[junit-jupiter-engine-5.10.2.jar:5.10.2]
	at org.junit.jupiter.engine.extension.TimeoutExtension.interceptTestableMethod(TimeoutExtension.java:147) ~[junit-jupiter-engine-5.10.2.jar:5.10.2]
	at org.junit.jupiter.engine.extension.TimeoutExtension.interceptTestMethod(TimeoutExtension.java:86) ~[junit-jupiter-engine-5.10.2.jar:5.10.2]
	at org.junit.jupiter.engine.execution.InterceptingExecutableInvoker$ReflectiveInterceptorCall.lambda$ofVoidMethod$0(InterceptingExecutableInvoker.java:103) ~[junit-jupiter-engine-5.10.2.jar:5.10.2]
	at org.junit.jupiter.engine.execution.InterceptingExecutableInvoker.lambda$invoke$0(InterceptingExecutableInvoker.java:93) ~[junit-jupiter-engine-5.10.2.jar:5.10.2]
	at org.junit.jupiter.engine.execution.InvocationInterceptorChain$InterceptedInvocation.proceed(InvocationInterceptorChain.java:106) ~[junit-jupiter-engine-5.10.2.jar:5.10.2]
	at org.junit.jupiter.engine.execution.InvocationInterceptorChain.proceed(InvocationInterceptorChain.java:64) ~[junit-jupiter-engine-5.10.2.jar:5.10.2]
	at org.junit.jupiter.engine.execution.InvocationInterceptorChain.chainAndInvoke(InvocationInterceptorChain.java:45) ~[junit-jupiter-engine-5.10.2.jar:5.10.2]
	at org.junit.jupiter.engine.execution.InvocationInterceptorChain.invoke(InvocationInterceptorChain.java:37) ~[junit-jupiter-engine-5.10.2.jar:5.10.2]
	at org.junit.jupiter.engine.execution.InterceptingExecutableInvoker.invoke(InterceptingExecutableInvoker.java:92) ~[junit-jupiter-engine-5.10.2.jar:5.10.2]
	at org.junit.jupiter.engine.execution.InterceptingExecutableInvoker.invoke(InterceptingExecutableInvoker.java:86) ~[junit-jupiter-engine-5.10.2.jar:5.10.2]
	at org.junit.jupiter.engine.descriptor.TestMethodTestDescriptor.lambda$invokeTestMethod$7(TestMethodTestDescriptor.java:218) ~[junit-jupiter-engine-5.10.2.jar:5.10.2]
	at org.junit.platform.engine.support.hierarchical.ThrowableCollector.execute(ThrowableCollector.java:73) ~[junit-platform-engine-1.10.2.jar:1.10.2]
	at org.junit.jupiter.engine.descriptor.TestMethodTestDescriptor.invokeTestMethod(TestMethodTestDescriptor.java:214) ~[junit-jupiter-engine-5.10.2.jar:5.10.2]
	at org.junit.jupiter.engine.descriptor.TestMethodTestDescriptor.execute(TestMethodTestDescriptor.java:139) ~[junit-jupiter-engine-5.10.2.jar:5.10.2]
	at org.junit.jupiter.engine.descriptor.TestMethodTestDescriptor.execute(TestMethodTestDescriptor.java:69) ~[junit-jupiter-engine-5.10.2.jar:5.10.2]
	at org.junit.platform.engine.support.hierarchical.NodeTestTask.lambda$executeRecursively$6(NodeTestTask.java:151) ~[junit-platform-engine-1.10.2.jar:1.10.2]
	at org.junit.platform.engine.support.hierarchical.ThrowableCollector.execute(ThrowableCollector.java:73) ~[junit-platform-engine-1.10.2.jar:1.10.2]
	at org.junit.platform.engine.support.hierarchical.NodeTestTask.lambda$executeRecursively$8(NodeTestTask.java:141) ~[junit-platform-engine-1.10.2.jar:1.10.2]
	at org.junit.platform.engine.support.hierarchical.Node.around(Node.java:137) ~[junit-platform-engine-1.10.2.jar:1.10.2]
	at org.junit.platform.engine.support.hierarchical.NodeTestTask.lambda$executeRecursively$9(NodeTestTask.java:139) ~[junit-platform-engine-1.10.2.jar:1.10.2]
	at org.junit.platform.engine.support.hierarchical.ThrowableCollector.execute(ThrowableCollector.java:73) ~[junit-platform-engine-1.10.2.jar:1.10.2]
	at org.junit.platform.engine.support.hierarchical.NodeTestTask.executeRecursively(NodeTestTask.java:138) ~[junit-platform-engine-1.10.2.jar:1.10.2]
	at org.junit.platform.engine.support.hierarchical.NodeTestTask.execute(NodeTestTask.java:95) ~[junit-platform-engine-1.10.2.jar:1.10.2]
	at java.util.ArrayList.forEach(ArrayList.java:1511) ~[?:?]
	at org.junit.platform.engine.support.hierarchical.SameThreadHierarchicalTestExecutorService.invokeAll(SameThreadHierarchicalTestExecutorService.java:41) ~[junit-platform-engine-1.10.2.jar:1.10.2]
	at org.junit.platform.engine.support.hierarchical.NodeTestTask.lambda$executeRecursively$6(NodeTestTask.java:155) ~[junit-platform-engine-1.10.2.jar:1.10.2]
	at org.junit.platform.engine.support.hierarchical.ThrowableCollector.execute(ThrowableCollector.java:73) ~[junit-platform-engine-1.10.2.jar:1.10.2]
	at org.junit.platform.engine.support.hierarchical.NodeTestTask.lambda$executeRecursively$8(NodeTestTask.java:141) ~[junit-platform-engine-1.10.2.jar:1.10.2]
	at org.junit.platform.engine.support.hierarchical.Node.around(Node.java:137) ~[junit-platform-engine-1.10.2.jar:1.10.2]
	at org.junit.platform.engine.support.hierarchical.NodeTestTask.lambda$executeRecursively$9(NodeTestTask.java:139) ~[junit-platform-engine-1.10.2.jar:1.10.2]
	at org.junit.platform.engine.support.hierarchical.ThrowableCollector.execute(ThrowableCollector.java:73) ~[junit-platform-engine-1.10.2.jar:1.10.2]
	at org.junit.platform.engine.support.hierarchical.NodeTestTask.executeRecursively(NodeTestTask.java:138) ~[junit-platform-engine-1.10.2.jar:1.10.2]
	at org.junit.platform.engine.support.hierarchical.NodeTestTask.execute(NodeTestTask.java:95) ~[junit-platform-engine-1.10.2.jar:1.10.2]
	at java.util.ArrayList.forEach(ArrayList.java:1511) ~[?:?]
	at org.junit.platform.engine.support.hierarchical.SameThreadHierarchicalTestExecutorService.invokeAll(SameThreadHierarchicalTestExecutorService.java:41) ~[junit-platform-engine-1.10.2.jar:1.10.2]
	at org.junit.platform.engine.support.hierarchical.NodeTestTask.lambda$executeRecursively$6(NodeTestTask.java:155) ~[junit-platform-engine-1.10.2.jar:1.10.2]
	at org.junit.platform.engine.support.hierarchical.ThrowableCollector.execute(ThrowableCollector.java:73) ~[junit-platform-engine-1.10.2.jar:1.10.2]
	at org.junit.platform.engine.support.hierarchical.NodeTestTask.lambda$executeRecursively$8(NodeTestTask.java:141) ~[junit-platform-engine-1.10.2.jar:1.10.2]
	at org.junit.platform.engine.support.hierarchical.Node.around(Node.java:137) ~[junit-platform-engine-1.10.2.jar:1.10.2]
	at org.junit.platform.engine.support.hierarchical.NodeTestTask.lambda$executeRecursively$9(NodeTestTask.java:139) ~[junit-platform-engine-1.10.2.jar:1.10.2]
	at org.junit.platform.engine.support.hierarchical.ThrowableCollector.execute(ThrowableCollector.java:73) ~[junit-platform-engine-1.10.2.jar:1.10.2]
	at org.junit.platform.engine.support.hierarchical.NodeTestTask.executeRecursively(NodeTestTask.java:138) ~[junit-platform-engine-1.10.2.jar:1.10.2]
	at org.junit.platform.engine.support.hierarchical.NodeTestTask.execute(NodeTestTask.java:95) ~[junit-platform-engine-1.10.2.jar:1.10.2]
	at org.junit.platform.engine.support.hierarchical.SameThreadHierarchicalTestExecutorService.submit(SameThreadHierarchicalTestExecutorService.java:35) ~[junit-platform-engine-1.10.2.jar:1.10.2]
	at org.junit.platform.engine.support.hierarchical.HierarchicalTestExecutor.execute(HierarchicalTestExecutor.java:57) ~[junit-platform-engine-1.10.2.jar:1.10.2]
	at org.junit.platform.engine.support.hierarchical.HierarchicalTestEngine.execute(HierarchicalTestEngine.java:54) ~[junit-platform-engine-1.10.2.jar:1.10.2]
	at org.junit.platform.launcher.core.EngineExecutionOrchestrator.execute(EngineExecutionOrchestrator.java:198) ~[junit-platform-launcher-1.10.2.jar:1.10.2]
	at org.junit.platform.launcher.core.EngineExecutionOrchestrator.execute(EngineExecutionOrchestrator.java:169) ~[junit-platform-launcher-1.10.2.jar:1.10.2]
	at org.junit.platform.launcher.core.EngineExecutionOrchestrator.execute(EngineExecutionOrchestrator.java:93) ~[junit-platform-launcher-1.10.2.jar:1.10.2]
	at org.junit.platform.launcher.core.EngineExecutionOrchestrator.lambda$execute$0(EngineExecutionOrchestrator.java:58) ~[junit-platform-launcher-1.10.2.jar:1.10.2]
	at org.junit.platform.launcher.core.EngineExecutionOrchestrator.withInterceptedStreams(EngineExecutionOrchestrator.java:141) [junit-platform-launcher-1.10.2.jar:1.10.2]
	at org.junit.platform.launcher.core.EngineExecutionOrchestrator.execute(EngineExecutionOrchestrator.java:57) [junit-platform-launcher-1.10.2.jar:1.10.2]
	at org.junit.platform.launcher.core.DefaultLauncher.execute(DefaultLauncher.java:103) [junit-platform-launcher-1.10.2.jar:1.10.2]
	at org.junit.platform.launcher.core.DefaultLauncher.execute(DefaultLauncher.java:85) [junit-platform-launcher-1.10.2.jar:1.10.2]
	at org.junit.platform.launcher.core.DelegatingLauncher.execute(DelegatingLauncher.java:47) [junit-platform-launcher-1.10.2.jar:1.10.2]
	at org.junit.platform.launcher.core.SessionPerRequestLauncher.execute(SessionPerRequestLauncher.java:63) [junit-platform-launcher-1.10.2.jar:1.10.2]
	at org.apache.maven.surefire.junitplatform.JUnitPlatformProvider.execute(JUnitPlatformProvider.java:188) [surefire-junit-platform-3.0.0-M5.jar:3.0.0-M5]
	at org.apache.maven.surefire.junitplatform.JUnitPlatformProvider.invokeAllTests(JUnitPlatformProvider.java:154) [surefire-junit-platform-3.0.0-M5.jar:3.0.0-M5]
	at org.apache.maven.surefire.junitplatform.JUnitPlatformProvider.invoke(JUnitPlatformProvider.java:128) [surefire-junit-platform-3.0.0-M5.jar:3.0.0-M5]
	at org.apache.maven.surefire.booter.ForkedBooter.runSuitesInProcess(ForkedBooter.java:428) [surefire-booter-3.0.0-M5.jar:3.0.0-M5]
	at org.apache.maven.surefire.booter.ForkedBooter.execute(ForkedBooter.java:162) [surefire-booter-3.0.0-M5.jar:3.0.0-M5]
	at org.apache.maven.surefire.booter.ForkedBooter.run(ForkedBooter.java:562) [surefire-booter-3.0.0-M5.jar:3.0.0-M5]
	at org.apache.maven.surefire.booter.ForkedBooter.main(ForkedBooter.java:548) [surefire-booter-3.0.0-M5.jar:3.0.0-M5]
2024-06-03 14:49:17 INFO  PdfService:95 - Traitement des fichiers PDF terminé
2024-06-03 14:49:17 INFO  PdfService:56 - Tri du texte extrait
2024-06-03 14:49:17 ERROR PdfService:72 - Erreur lors du tri du texte extrait : Error extracting titles
2024-06-03 14:49:17 INFO  PdfService:79 - Traitement des fichiers PDF dans le dossier
2024-06-03 14:49:17 INFO  PdfService:88 - Fichier PDF traité : test8854989399949510.pdf
2024-06-03 14:49:17 INFO  PdfService:88 - Fichier PDF traité : test3280830342688291460.pdf
2024-06-03 14:49:17 INFO  PdfService:95 - Traitement des fichiers PDF terminé
2024-06-03 14:49:17 INFO  RegexService:90 - Extraction de la ville et du code postal
2024-06-03 14:49:17 INFO  RegexService:97 - Ville et code postal extraits avec succès
2024-06-03 14:49:17 INFO  RegexService:111 - Extraction de la date
2024-06-03 14:49:17 INFO  RegexService:118 - Date extraite avec succès
2024-06-03 14:49:17 INFO  RegexService:90 - Extraction de la ville et du code postal
2024-06-03 14:49:17 WARN  RegexService:100 - Aucune ville trouvée dans le texte
2024-06-03 14:49:17 ERROR RegexService:104 - Erreur lors de l'extraction de la ville par le regex : Aucune ville trouvée dans le texte.
2024-06-03 14:49:17 INFO  RegexService:111 - Extraction de la date
2024-06-03 14:49:17 WARN  RegexService:121 - Aucune date trouvée dans le texte
2024-06-03 14:49:17 ERROR RegexService:125 - Erreur lors de l'extraction de la date par le regex : Aucune date trouvée dans le texte.
2024-06-03 14:49:17 INFO  RegexService:43 - Extraction des titres du texte
2024-06-03 14:49:17 INFO  RegexService:76 - Titre unique extrait avec succès
2024-06-03 14:49:17 INFO  RegexService:43 - Extraction des titres du texte
2024-06-03 14:49:17 INFO  RegexService:69 - Titres extraits avec succès
2024-06-03 14:49:17 INFO  RegexService:43 - Extraction des titres du texte
2024-06-03 14:49:17 WARN  RegexService:79 - Aucun titre trouvé dans le texte
2024-06-03 14:49:17 ERROR RegexService:83 - Erreur lors de l'extraction des titres par le regex : Aucun titre trouvé dans le texte.
2024-06-03 14:49:18 INFO  TreatmentService:59 - Démarrage du traitement des fichiers PDF
2024-06-03 14:49:18 INFO  TreatmentService:67 - Copie du fichier partie1 pour modification
2024-06-03 14:49:18 INFO  TreatmentService:71 - Traitement des fichiers PDF dans le dossier
2024-06-03 14:49:18 INFO  TreatmentService:76 - Ajout du texte extrait au fichier texte existant
2024-06-03 14:49:18 INFO  TreatmentService:84 - Fusion des fichiers texte pour créer le fichier HTML final
2024-06-03 14:49:18 INFO  TreatmentService:88 - Suppression du fichier temporaire partie1
2024-06-03 14:49:18 INFO  TreatmentService:93 - Envoi du fichier HTML sur le serveur FTP
2024-06-03 14:49:18 INFO  TreatmentService:96 - Traitement des fichiers PDF terminé
2024-06-03 14:49:18 INFO  TreatmentService:59 - Démarrage du traitement des fichiers PDF
2024-06-03 14:49:18 ERROR TreatmentService:63 - Erreur : Le chemin n'amène pas à un dossier. Chemin: C:\Users\tom.lefevrebonzon\Desktop\projetAffichettes-readpdf\gitkraken\projet-1-ouest-france-readpdf\src\test\resources\nonFolder.txt
2024-06-03 14:49:18 INFO  TreatmentService:59 - Démarrage du traitement des fichiers PDF
2024-06-03 14:49:18 INFO  TreatmentService:67 - Copie du fichier partie1 pour modification
2024-06-03 14:49:18 INFO  TreatmentService:71 - Traitement des fichiers PDF dans le dossier
